C51 COMPILER V9.01   MAIN                                                                  02/19/2018 22:25:31 PAGE 1   


C51 COMPILER V9.01, COMPILATION OF MODULE MAIN
OBJECT MODULE PLACED IN main.OBJ
COMPILER INVOKED BY: D:\Program Files (x86)\keil 破解版软件\C51\BIN\C51.EXE main.c BROWSE DEBUG OBJECTEXTEND

line level    source

   1          #include<reg52.h>
   2          #include<intrins.h>
   3          
   4          typedef unsigned char u8;
   5          typedef unsigned int u16;
   6          
   7          sbit LSA=P2^2;
   8          sbit LSB=P2^3;
   9          sbit LSC=P2^4;
  10          
  11          u8 a=2,b=2,c=2,d=6,e=0,f=3,g=0,h=0;
  12          
  13          u8 code smgduan[16]={0x3f,0x06,0x5b,0x4f,0x66,0x6d,0x7d,0x07,0x7f,0x6f,0x77,
  14                                    0x7c,0x39,0x5e,0x79,0x71};       //共阴
  15          
  16          void delay(u16 i)
  17          {
  18   1              while(i--);
  19   1      }
  20          
  21          void delay100us(void)                       //误差 0us     延时1毫秒
  22          {
  23   1          unsigned char a,b;
  24   1          for(b=1;b>0;b--)
  25   1              for(a=47;a>0;a--);
  26   1      }
  27          
  28          void DigDisplay(u8 i,u8 j)                                      //增强可读性
  29          {
  30   1              switch(i)
  31   1                      {
  32   2                              case 0:
  33   2                                      LSA=0;LSB=0;LSC=0;break;
  34   2                              case 1:
  35   2                                      LSA=1;LSB=0;LSC=0;break;
  36   2                              case 2:
  37   2                                      LSA=0;LSB=1;LSC=0;break;
  38   2                              case 3:
  39   2                                      LSA=1;LSB=1;LSC=0;break;
  40   2                              case 4:
  41   2                                      LSA=0;LSB=0;LSC=1;break;
  42   2                              case 5:
  43   2                                      LSA=1;LSB=0;LSC=1;break;
  44   2                              case 6:
  45   2                                      LSA=0;LSB=1;LSC=1;break;
  46   2                              case 7:
  47   2                                      LSA=1;LSB=1;LSC=1;break;
  48   2                      }
  49   1                      P0=smgduan[j];         //在第i位显示j
  50   1                      delay(100);                        //时间太短会乱、错
  51   1                      P0=0x00;
  52   1      }
  53          
  54          void Print(u8 a,u8 b,u8 c,u8 d,u8 e,u8 f,u8 g,u8 h)
  55          {
C51 COMPILER V9.01   MAIN                                                                  02/19/2018 22:25:31 PAGE 2   

  56   1              DigDisplay(0,a);
  57   1              DigDisplay(1,b);
  58   1              DigDisplay(2,c);
  59   1              DigDisplay(3,d);
  60   1              DigDisplay(4,e);
  61   1              DigDisplay(5,f);
  62   1              DigDisplay(6,g);
  63   1              DigDisplay(7,h);
  64   1      }
  65          
  66          void main()
  67          {
  68   1              while(1)
  69   1              {
  70   2                      for(;h++;h<10)
  71   2                      {
  72   3                              delay100us();
  73   3                              delay100us();
  74   3                              if(h==9) {g++;h=0;}
  75   3                              if(g==9) {f++;g=0;}
  76   3                              if(f==9) {e++;f=0;}
  77   3                              if(e==6) {d++;e=0;}
  78   3                              if(d==9) {c++;d=0;}
  79   3                              if(c==6) {b++;c=0;}
  80   3                              if(b==9) {a++;b=0;}
  81   3                      Print(a,b,c,d,e,f,g,h); 
  82   3                      }
  83   2      //              Print(a,b,c,d,e,f,g,h);
  84   2              } 
  85   1      }


MODULE INFORMATION:   STATIC OVERLAYABLE
   CODE SIZE        =    288    ----
   CONSTANT SIZE    =     16    ----
   XDATA SIZE       =   ----    ----
   PDATA SIZE       =   ----    ----
   DATA SIZE        =      8       8
   IDATA SIZE       =   ----    ----
   BIT SIZE         =   ----    ----
END OF MODULE INFORMATION.


C51 COMPILATION COMPLETE.  0 WARNING(S),  0 ERROR(S)
