C51 COMPILER V9.01   MAIN                                                                  02/19/2018 23:18:01 PAGE 1   


C51 COMPILER V9.01, COMPILATION OF MODULE MAIN
OBJECT MODULE PLACED IN main.OBJ
COMPILER INVOKED BY: D:\Program Files (x86)\keil 破解版软件\C51\BIN\C51.EXE main.c BROWSE DEBUG OBJECTEXTEND

line level    source

   1          #include<reg52.h>
   2          #include<intrins.h>
   3          
   4          typedef unsigned char u8;
   5          typedef unsigned int u16;
   6          
   7          //#define GPIO_DIG P0
   8          #define GPIO_KEY P1
   9          
  10          sbit LSA=P2^2;
  11          sbit LSB=P2^3;
  12          sbit LSC=P2^4;
  13          
  14          u8 code smgduan[16]={0x3f,0x06,0x5b,0x4f,0x66,0x6d,0x7d,0x07,0x7f,0x6f,0x77,
  15                                    0x7c,0x39,0x5e,0x79,0x71};       //共阴
  16          
  17          void delay(u16 i)
  18          {
  19   1              while(i--);
  20   1      }
  21          
  22          void DigDisplay(u8 i,u8 j)                                      //增强可读性
  23          {
  24   1              switch(i)
  25   1              {
  26   2                      case 0:
  27   2                              LSA=0;LSB=0;LSC=0;break;
  28   2                      case 1:
  29   2                              LSA=1;LSB=0;LSC=0;break;
  30   2                      case 2:
  31   2                              LSA=0;LSB=1;LSC=0;break;
  32   2                      case 3:
  33   2                              LSA=1;LSB=1;LSC=0;break;
  34   2                      case 4:
  35   2                              LSA=0;LSB=0;LSC=1;break;
  36   2                      case 5:
  37   2                              LSA=1;LSB=0;LSC=1;break;        
  38   2                      case 6:
  39   2                              LSA=0;LSB=1;LSC=1;break;
  40   2                      case 7:
  41   2                              LSA=1;LSB=1;LSC=1;break;
  42   2              }
  43   1              P0=smgduan[j];                 //在第i位上显示j
  44   1              delay(100);                                //时间太短会乱、错
  45   1              P0=0x00;
  46   1      }
  47          
  48          u8 KeyDown()
  49          {
  50   1              u8 KeyValue;
  51   1              char a=0;
  52   1              GPIO_KEY=0x0f;
  53   1              if(GPIO_KEY!=0x0f)
  54   1              {
  55   2                      delay(1000);
C51 COMPILER V9.01   MAIN                                                                  02/19/2018 23:18:01 PAGE 2   

  56   2                      if(GPIO_KEY!=0x0f)
  57   2                      {
  58   3                              switch(GPIO_KEY)
  59   3                              {
  60   4                                      case(0x07): KeyValue=0;break;
  61   4                                      case(0x0b):     KeyValue=1;break;
  62   4                                      case(0x0d):     KeyValue=2;break;
  63   4                                      case(0x0e):     KeyValue=3;break;
  64   4                              }
  65   3                              
  66   3                              GPIO_KEY=0xf0;
  67   3                              switch(GPIO_KEY)
  68   3                              {
  69   4                                      case(0x70): KeyValue=KeyValue;break;
  70   4                                      case(0xb0):     KeyValue=KeyValue+4;break;
  71   4                                      case(0xd0):     KeyValue=KeyValue+8;break;
  72   4                                      case(0xe0):     KeyValue=KeyValue+12;break;
  73   4                              }
  74   3                              while((a<50)&&(GPIO_KEY!=0xf0))
  75   3                              {
  76   4                                      delay(1000);
  77   4                                      a++;
  78   4                              }
  79   3                      }
  80   2              }
  81   1              return KeyValue;
  82   1      }
  83           
  84          void main()
  85          {
  86   1              u8 Key,i,j,k,l,m,n;
  87   1              while(1)
  88   1              {
  89   2                      P0=0x00;
  90   2                      Key=KeyDown();
  91   2                      if(Key=0) {i=7;DigDisplay(7,i);}
*** WARNING C276 IN LINE 91 OF MAIN.C: constant in condition expression
  92   2                      if(Key=1) {i=8;DigDisplay(7,i);}
*** WARNING C276 IN LINE 92 OF MAIN.C: constant in condition expression
  93   2                      if(Key=2) {i=9;DigDisplay(7,i);}
*** WARNING C276 IN LINE 93 OF MAIN.C: constant in condition expression
  94   2                      if(Key=4) {i=4;DigDisplay(7,i);}
*** WARNING C276 IN LINE 94 OF MAIN.C: constant in condition expression
  95   2                      if(Key=5) {i=5;DigDisplay(7,i);}
*** WARNING C276 IN LINE 95 OF MAIN.C: constant in condition expression
  96   2                      if(Key=6) {i=6;DigDisplay(7,i);}
*** WARNING C276 IN LINE 96 OF MAIN.C: constant in condition expression
  97   2                      if(Key=8) {i=1;DigDisplay(7,i);}
*** WARNING C276 IN LINE 97 OF MAIN.C: constant in condition expression
  98   2                      if(Key=9) {i=2;DigDisplay(7,i);}
*** WARNING C276 IN LINE 98 OF MAIN.C: constant in condition expression
  99   2                      if(Key=10) {i=3;DigDisplay(7,i);}
*** WARNING C276 IN LINE 99 OF MAIN.C: constant in condition expression
 100   2                      Key=KeyDown();
 101   2                      if(Key=0) {j=7;DigDisplay(8,i);}
*** WARNING C276 IN LINE 101 OF MAIN.C: constant in condition expression
 102   2                      if(Key=1) {j=8;DigDisplay(8,i);}
*** WARNING C276 IN LINE 102 OF MAIN.C: constant in condition expression
 103   2                      if(Key=2) {j=9;DigDisplay(8,i);}
*** WARNING C276 IN LINE 103 OF MAIN.C: constant in condition expression
 104   2                      if(Key=4) {j=4;DigDisplay(8,i);}
*** WARNING C276 IN LINE 104 OF MAIN.C: constant in condition expression
C51 COMPILER V9.01   MAIN                                                                  02/19/2018 23:18:01 PAGE 3   

 105   2                      if(Key=5) {j=5;DigDisplay(8,i);}
*** WARNING C276 IN LINE 105 OF MAIN.C: constant in condition expression
 106   2                      if(Key=6) {j=6;DigDisplay(8,i);}
*** WARNING C276 IN LINE 106 OF MAIN.C: constant in condition expression
 107   2                      if(Key=8) {j=1;DigDisplay(8,i);}
*** WARNING C276 IN LINE 107 OF MAIN.C: constant in condition expression
 108   2                      if(Key=9) {j=2;DigDisplay(8,i);}
*** WARNING C276 IN LINE 108 OF MAIN.C: constant in condition expression
 109   2                      if(Key=10) {j=3;DigDisplay(8,i);}
*** WARNING C276 IN LINE 109 OF MAIN.C: constant in condition expression
 110   2                      k=KeyDown();
 111   2                      Key=KeyDown();
 112   2                      if(Key=0) {l=7;DigDisplay(7,l);}
*** WARNING C276 IN LINE 112 OF MAIN.C: constant in condition expression
 113   2                      if(Key=1) {l=8;DigDisplay(7,l);}
*** WARNING C276 IN LINE 113 OF MAIN.C: constant in condition expression
 114   2                      if(Key=2) {l=9;DigDisplay(7,l);}
*** WARNING C276 IN LINE 114 OF MAIN.C: constant in condition expression
 115   2                      if(Key=4) {l=4;DigDisplay(7,l);}
*** WARNING C276 IN LINE 115 OF MAIN.C: constant in condition expression
 116   2                      if(Key=5) {l=5;DigDisplay(7,l);}
*** WARNING C276 IN LINE 116 OF MAIN.C: constant in condition expression
 117   2                      if(Key=6) {l=6;DigDisplay(7,l);}
*** WARNING C276 IN LINE 117 OF MAIN.C: constant in condition expression
 118   2                      if(Key=8) {l=1;DigDisplay(7,l);}
*** WARNING C276 IN LINE 118 OF MAIN.C: constant in condition expression
 119   2                      if(Key=9) {l=2;DigDisplay(7,l);}
*** WARNING C276 IN LINE 119 OF MAIN.C: constant in condition expression
 120   2                      if(Key=10) {l=3;DigDisplay(7,l);}
*** WARNING C276 IN LINE 120 OF MAIN.C: constant in condition expression
 121   2                      Key=KeyDown();
 122   2                      if(Key=0) {m=7;DigDisplay(8,m);}
*** WARNING C276 IN LINE 122 OF MAIN.C: constant in condition expression
 123   2                      if(Key=1) {m=8;DigDisplay(8,m);}
*** WARNING C276 IN LINE 123 OF MAIN.C: constant in condition expression
 124   2                      if(Key=2) {m=9;DigDisplay(8,m);}
*** WARNING C276 IN LINE 124 OF MAIN.C: constant in condition expression
 125   2                      if(Key=4) {m=4;DigDisplay(8,m);}
*** WARNING C276 IN LINE 125 OF MAIN.C: constant in condition expression
 126   2                      if(Key=5) {m=5;DigDisplay(8,m);}
*** WARNING C276 IN LINE 126 OF MAIN.C: constant in condition expression
 127   2                      if(Key=6) {m=6;DigDisplay(8,m);}
*** WARNING C276 IN LINE 127 OF MAIN.C: constant in condition expression
 128   2                      if(Key=8) {m=1;DigDisplay(8,m);}
*** WARNING C276 IN LINE 128 OF MAIN.C: constant in condition expression
 129   2                      if(Key=9) {m=2;DigDisplay(8,m);}
*** WARNING C276 IN LINE 129 OF MAIN.C: constant in condition expression
 130   2                      if(Key=10) {m=3;DigDisplay(8,m);}
*** WARNING C276 IN LINE 130 OF MAIN.C: constant in condition expression
 131   2                      if(k=4) n=(10*i+j)/(10*l+m);
*** WARNING C276 IN LINE 131 OF MAIN.C: constant in condition expression
 132   2                      if(k=4) n=(10*i+j)*(10*l+m);
*** WARNING C276 IN LINE 132 OF MAIN.C: constant in condition expression
 133   2                      if(k=4) n=(10*i+j)-(10*l+m);
*** WARNING C276 IN LINE 133 OF MAIN.C: constant in condition expression
 134   2                      if(k=4) n=(10*i+j)+(10*l+m);
*** WARNING C276 IN LINE 134 OF MAIN.C: constant in condition expression
 135   2                      i=n/1000;j=(n-1000*i)/100;k=(n-1000*i-100*j)/10;l=n-1000*i-100*j-10*k;
 136   2                      Key=KeyDown();
 137   2                      if(Key==14)
 138   2                      {
 139   3                      DigDisplay(5,i);
C51 COMPILER V9.01   MAIN                                                                  02/19/2018 23:18:01 PAGE 4   

 140   3                      DigDisplay(6,j);
 141   3                  DigDisplay(7,k);
 142   3                      DigDisplay(8,l);
 143   3                      }
 144   2              }
 145   1      }


MODULE INFORMATION:   STATIC OVERLAYABLE
   CODE SIZE        =    779    ----
   CONSTANT SIZE    =     16    ----
   XDATA SIZE       =   ----    ----
   PDATA SIZE       =   ----    ----
   DATA SIZE        =   ----       6
   IDATA SIZE       =   ----    ----
   BIT SIZE         =   ----    ----
END OF MODULE INFORMATION.


C51 COMPILATION COMPLETE.  40 WARNING(S),  0 ERROR(S)
