C51 COMPILER V9.01   MAIN                                                                  02/09/2018 16:29:00 PAGE 1   


C51 COMPILER V9.01, COMPILATION OF MODULE MAIN
OBJECT MODULE PLACED IN main.OBJ
COMPILER INVOKED BY: D:\Program Files (x86)\keil ÆÆ½â°æÈí¼þ\C51\BIN\C51.EXE main.c BROWSE DEBUG OBJECTEXTEND

line level    source

   1          #include<reg52.h>
   2          
   3          typedef unsigned char u8;
   4          typedef unsigned int u16;
   5          
   6          sbit led=P0^0;
   7          
   8          void delay(u16 i)
   9          {
  10   1              while(i--);
  11   1      }
  12          
  13          void main()
  14          {
  15   1              while(1)
  16   1              {
  17   2                      led=1;
  18   2                      delay(50000);            //450ms
  19   2                      led=0;
  20   2                      delay(50000);
  21   2              }
  22   1      }


MODULE INFORMATION:   STATIC OVERLAYABLE
   CODE SIZE        =     31    ----
   CONSTANT SIZE    =   ----    ----
   XDATA SIZE       =   ----    ----
   PDATA SIZE       =   ----    ----
   DATA SIZE        =   ----    ----
   IDATA SIZE       =   ----    ----
   BIT SIZE         =   ----    ----
END OF MODULE INFORMATION.


C51 COMPILATION COMPLETE.  0 WARNING(S),  0 ERROR(S)
