C51 COMPILER V9.01   MAIN                                                                  02/15/2018 17:26:54 PAGE 1   


C51 COMPILER V9.01, COMPILATION OF MODULE MAIN
OBJECT MODULE PLACED IN main.OBJ
COMPILER INVOKED BY: D:\Program Files (x86)\keil ∆∆Ω‚∞Ê»Ìº˛\C51\BIN\C51.EXE main.c BROWSE DEBUG OBJECTEXTEND

line level    source

   1          #include<reg52.h>
   2          #include<intrins.h>
   3          
   4          typedef unsigned char u8;
   5          typedef unsigned int u16;
   6          
   7          u8 code smgduan[16]={0x3f,0x06,0x5b,0x4f,0x66,0x6d,0x7d,0x07,0x7f,0x6f,0x77,
   8                                    0x7c,0x39,0x5e,0x79,0x71};       //π≤“ı
   9          
  10          void delay(u16 i)
  11          {
  12   1              while(i--);
  13   1      }
  14          
  15          void main()
  16          {
  17   1              int i;
  18   1              while(1)
  19   1              {
  20   2                      for(i=0;i<=15;i++){
  21   3                              P0=~smgduan[i]; 
  22   3                              delay(250000);
  23   3                      }
  24   2              }
  25   1      }


MODULE INFORMATION:   STATIC OVERLAYABLE
   CODE SIZE        =     49    ----
   CONSTANT SIZE    =     16    ----
   XDATA SIZE       =   ----    ----
   PDATA SIZE       =   ----    ----
   DATA SIZE        =   ----    ----
   IDATA SIZE       =   ----    ----
   BIT SIZE         =   ----    ----
END OF MODULE INFORMATION.


C51 COMPILATION COMPLETE.  0 WARNING(S),  0 ERROR(S)
