C51 COMPILER V9.01   MAIN                                                                  02/09/2018 17:31:07 PAGE 1   


C51 COMPILER V9.01, COMPILATION OF MODULE MAIN
OBJECT MODULE PLACED IN main.OBJ
COMPILER INVOKED BY: D:\Program Files (x86)\keil ÆÆ½â°æÈí¼þ\C51\BIN\C51.EXE main.c BROWSE DEBUG OBJECTEXTEND

line level    source

   1          #include<reg52.h>
   2          #include<intrins.h>
   3          
   4          typedef unsigned char u8;
   5          typedef unsigned int u16;
   6          
   7          #define led P0
   8          
   9          void delay(u16 i)
  10          {
  11   1              while(i--);
  12   1      }
  13          
  14          void main()
  15          {
  16   1              u8 i;
  17   1              led=0x01;
  18   1              delay(50000);
  19   1              while(1)
  20   1              {
  21   2                      /*for(i=0;i<8;i++)
  22   2                      {
  23   2                               led=(0x01<<i);
  24   2                               delay(50000); 
  25   2                      }*/
  26   2      
  27   2                      for(i=0;i<7;i++)
  28   2                      {
  29   3                              led=_crol_(led,1);
  30   3                              delay(50000);
  31   3                      }
  32   2      
  33   2                      for(i=0;i<7;i++)
  34   2                      {
  35   3                              led=_cror_(led,1);
  36   3                              delay(50000);
  37   3                      }
  38   2              }
  39   1      }


MODULE INFORMATION:   STATIC OVERLAYABLE
   CODE SIZE        =     68    ----
   CONSTANT SIZE    =   ----    ----
   XDATA SIZE       =   ----    ----
   PDATA SIZE       =   ----    ----
   DATA SIZE        =   ----    ----
   IDATA SIZE       =   ----    ----
   BIT SIZE         =   ----    ----
END OF MODULE INFORMATION.


C51 COMPILATION COMPLETE.  0 WARNING(S),  0 ERROR(S)
