C51 COMPILER V9.01   MAIN                                                                  02/12/2018 21:46:27 PAGE 1   


C51 COMPILER V9.01, COMPILATION OF MODULE MAIN
OBJECT MODULE PLACED IN main.OBJ
COMPILER INVOKED BY: D:\Program Files (x86)\keil ÆÆ½â°æÈí¼þ\C51\BIN\C51.EXE main.c BROWSE DEBUG OBJECTEXTEND

line level    source

   1          #include<reg52.h>
   2          #include<intrins.h>
   3          
   4          typedef unsigned char u8;
   5          typedef unsigned int u16;
   6          
   7          sbit beep=P1^5;
   8          
   9          void delay(u16 i)
  10          {
  11   1              while(i--);
  12   1      }
  13          
  14          void main()
  15          {
  16   1              while(1)
  17   1              {
  18   2                      beep=~beep;
  19   2                      delay(50);
  20   2      //              beep=1;
  21   2      //              delay(10);
  22   2      //              beep=0;
  23   2      //              delay(5000);
  24   2              }
  25   1      }


MODULE INFORMATION:   STATIC OVERLAYABLE
   CODE SIZE        =     22    ----
   CONSTANT SIZE    =   ----    ----
   XDATA SIZE       =   ----    ----
   PDATA SIZE       =   ----    ----
   DATA SIZE        =   ----    ----
   IDATA SIZE       =   ----    ----
   BIT SIZE         =   ----    ----
END OF MODULE INFORMATION.


C51 COMPILATION COMPLETE.  0 WARNING(S),  0 ERROR(S)
