C51 COMPILER V9.01   MAIN                                                                  02/19/2018 09:38:32 PAGE 1   


C51 COMPILER V9.01, COMPILATION OF MODULE MAIN
OBJECT MODULE PLACED IN main.OBJ
COMPILER INVOKED BY: D:\Program Files (x86)\keil ÆÆ½â°æÈí¼þ\C51\BIN\C51.EXE main.c BROWSE DEBUG OBJECTEXTEND

line level    source

   1          #include<reg52.h>
   2          
   3          typedef unsigned char u8;
   4          typedef unsigned int u16;
   5          
   6          sbit led=P0^0;
   7          sbit k1=P1^0;
   8          
   9          void delay(u16 i)
  10          {
  11   1              while(i--);
  12   1      }
  13          
  14          void keypros()
  15          {
  16   1              if(k1==0)
  17   1              {
  18   2                      delay(1000);
  19   2                      if(k1==0)
  20   2                      {
  21   3                              led=~led;
  22   3                      }
  23   2                      while(!k1);
  24   2              }
  25   1      }
  26          
  27          void main()
  28          {
  29   1              led=0;
  30   1              while(1)
  31   1              {
  32   2                      keypros();
  33   2              }
  34   1      }


MODULE INFORMATION:   STATIC OVERLAYABLE
   CODE SIZE        =     37    ----
   CONSTANT SIZE    =   ----    ----
   XDATA SIZE       =   ----    ----
   PDATA SIZE       =   ----    ----
   DATA SIZE        =   ----    ----
   IDATA SIZE       =   ----    ----
   BIT SIZE         =   ----    ----
END OF MODULE INFORMATION.


C51 COMPILATION COMPLETE.  0 WARNING(S),  0 ERROR(S)
